




2022-10-18T17:09:05Z Bitcoin Core version v0.21.1.0-g194b9b8792d9b0798fdb570b79fa51f1d1f5ebaf (release build)
2022-10-18T17:09:05Z Assuming ancestors of block 0000000000000000000b9d2ec5a352ecba0592946514a92f14319dc2b367fc72 have valid signatures.
2022-10-18T17:09:05Z Setting nMinimumChainWork=00000000000000000000000000000000000000001533efd8d716a517fe2c5008
2022-10-18T17:09:05Z Using the 'standard' SHA256 implementation
2022-10-18T17:09:05Z Default data directory /data/.bitcoin
2022-10-18T17:09:05Z Using data directory /data/.bitcoin
2022-10-18T17:09:05Z Config file: /data/.bitcoin/bitcoin.conf (not found, skipping)
2022-10-18T17:09:05Z Command-line arg: zmqpubrawblock="tcp://0.0.0.0:28332"
2022-10-18T17:09:05Z Command-line arg: zmqpubrawtx="tcp://0.0.0.0:28333"
2022-10-18T17:09:05Z Using at most 125 automatic connections (1048576 file descriptors available)
2022-10-18T17:09:05Z Using 16 MiB out of 32/2 requested for signature cache, able to store 524288 elements
2022-10-18T17:09:06Z Using 16 MiB out of 32/2 requested for script execution cache, able to store 524288 elements
2022-10-18T17:09:06Z Script verification uses 5 additional threads
2022-10-18T17:09:06Z scheduler thread start
2022-10-18T17:09:06Z libevent: getaddrinfo: nodename nor servname provided, or not known
2022-10-18T17:09:06Z Binding RPC on address ::1 port 8332 failed.
2022-10-18T17:09:06Z HTTP: creating work queue of depth 16
2022-10-18T17:09:06Z Using random cookie authentication.
2022-10-18T17:09:06Z Generated RPC authentication cookie /data/.bitcoin/.cookie
2022-10-18T17:09:06Z HTTP: starting 4 worker threads
2022-10-18T17:09:06Z Using wallet directory /data/.bitcoin
2022-10-18T17:09:06Z init message: Verifying wallet(s)...
2022-10-18T17:09:06Z init message: Loading banlist...
2022-10-18T17:09:06Z ERROR: DeserializeFileDB: Failed to open file /data/.bitcoin/banlist.dat
2022-10-18T17:09:06Z Invalid or missing banlist.dat; recreating
2022-10-18T17:09:06Z SetNetworkActive: true
2022-10-18T17:09:06Z Using /16 prefix for IP bucketing
2022-10-18T17:09:06Z Cache configuration:
2022-10-18T17:09:06Z * Using 2.0 MiB for block index database
2022-10-18T17:09:06Z * Using 8.0 MiB for chain state database
2022-10-18T17:09:06Z * Using 440.0 MiB for in-memory UTXO set (plus up to 286.1 MiB of unused mempool space)
2022-10-18T17:09:06Z init message: Loading block index...
2022-10-18T17:09:06Z Switching active chainstate to Chainstate [ibd] @ height -1 (null)
2022-10-18T17:09:06Z Opening LevelDB in /data/.bitcoin/blocks/index
2022-10-18T17:09:06Z Opened LevelDB successfully
2022-10-18T17:09:06Z Using obfuscation key for /data/.bitcoin/blocks/index: 0000000000000000
2022-10-18T17:09:06Z LoadBlockIndexDB: last block file = 0
2022-10-18T17:09:06Z LoadBlockIndexDB: last block file info: CBlockFileInfo(blocks=0, size=0, heights=0...0, time=1970-01-01...1970-01-01)
2022-10-18T17:09:06Z Checking all blk files are present...
2022-10-18T17:09:06Z Initializing databases...
2022-10-18T17:09:07Z Pre-allocating up to position 0x1000000 in blk00000.dat
2022-10-18T17:09:07Z Opening LevelDB in /data/.bitcoin/chainstate
2022-10-18T17:09:08Z Opened LevelDB successfully
2022-10-18T17:09:08Z Wrote new obfuscate key for /data/.bitcoin/chainstate: d8f7db44786540bb
2022-10-18T17:09:08Z Using obfuscation key for /data/.bitcoin/chainstate: d8f7db44786540bb
2022-10-18T17:09:08Z init message: Rewinding blocks...
2022-10-18T17:09:08Z  block index            1727ms
2022-10-18T17:09:08Z loadblk thread start
2022-10-18T17:09:08Z UpdateTip: new best=000000000019d6689c085ae165831e934ff763ae46a2a6c172b3f1b60a8ce26f height=0 version=0x00000001 log2_work=32.000022 tx=1 date='2009-01-03T18:15:05Z' progress=0.000000 cache=0.0MiB(0txo)
2022-10-18T17:09:08Z block tree size = 1
2022-10-18T17:09:08Z nBestHeight = 0
2022-10-18T17:09:08Z Bound to [::]:8333
2022-10-18T17:09:08Z Bound to 0.0.0.0:8333
2022-10-18T17:09:08Z Bound to 127.0.0.1:8334
2022-10-18T17:09:08Z init message: Loading P2P addresses...
2022-10-18T17:09:08Z Failed to open mempool file from disk. Continuing anyway.
2022-10-18T17:09:08Z loadblk thread exit
2022-10-18T17:09:08Z torcontrol thread start
2022-10-18T17:09:08Z ERROR: DeserializeFileDB: Failed to open file /data/.bitcoin/peers.dat
2022-10-18T17:09:08Z Invalid or missing peers.dat; recreating
2022-10-18T17:09:09Z ERROR: DeserializeFileDB: Failed to open file /data/.bitcoin/anchors.dat
2022-10-18T17:09:09Z 0 block-relay-only anchors will be tried for connections.
2022-10-18T17:09:09Z init message: Starting network threads...
2022-10-18T17:09:09Z init message: Done loading
2022-10-18T17:09:09Z msghand thread start
2022-10-18T17:09:09Z addcon thread start
2022-10-18T17:09:09Z opencon thread start
2022-10-18T17:09:09Z net thread start
2022-10-18T17:09:09Z dnsseed thread start
2022-10-18T17:09:09Z Loading addresses from DNS seed seed.btc.petertodd.org
2022-10-18T17:09:09Z Loading addresses from DNS seed dnsseed.emzy.de
2022-10-18T17:09:09Z Loading addresses from DNS seed seed.bitcoin.wiz.biz
2022-10-18T17:09:10Z New outbound peer connected: version: 70015, blocks=759244, peer=0 (full-relay)
2022-10-18T17:09:11Z Loading addresses from DNS seed dnsseed.bluematt.me
2022-10-18T17:09:11Z Loading addresses from DNS seed seed.bitcoinstats.com
2022-10-18T17:09:11Z Loading addresses from DNS seed seed.bitcoin.sipa.be
2022-10-18T17:09:11Z New outbound peer connected: version: 70015, blocks=759243, peer=1 (full-relay)
2022-10-18T17:09:11Z Loading addresses from DNS seed seed.bitcoin.jonasschnelli.ch
2022-10-18T17:09:11Z Loading addresses from DNS seed seed.bitcoin.sprovoost.nl
2022-10-18T17:09:12Z Loading addresses from DNS seed dnsseed.bitcoin.dashjr.org
2022-10-18T17:09:12Z Synchronizing blockheaders, height: 2000 (~0.28%)
2022-10-18T17:09:12Z 209 addresses found from DNS seeds
2022-10-18T17:09:12Z dnsseed thread exit
2022-10-18T17:09:13Z Synchronizing blockheaders, height: 4000 (~0.55%)
2022-10-18T17:09:14Z New outbound peer connected: version: 70016, blocks=759244, peer=2 (full-relay)
2022-10-18T17:09:14Z Synchronizing blockheaders, height: 6000 (~0.83%)
2022-10-18T17:09:15Z Synchronizing blockheaders, height: 8000 (~1.11%)
2022-10-18T17:09:16Z New outbound peer connected: version: 70016, blocks=759244, peer=3 (full-relay)
2022-10-18T17:09:16Z Synchronizing blockheaders, height: 10000 (~1.39%)
2022-10-18T17:09:17Z Synchronizing blockheaders, height: 12000 (~1.66%)
2022-10-18T17:09:18Z Synchronizing blockheaders, height: 14000 (~1.94%)
2022-10-18T17:09:22Z Synchronizing blockheaders, height: 16000 (~2.22%)
2022-10-18T17:09:24Z Synchronizing blockheaders, height: 18000 (~2.51%)
2022-10-18T17:09:25Z Synchronizing blockheaders, height: 20000 (~2.79%)
2022-10-18T17:09:26Z Synchronizing blockheaders, height: 22000 (~3.09%)
2022-10-18T17:09:28Z Synchronizing blockheaders, height: 24000 (~3.38%)
2022-10-18T17:09:29Z Synchronizing blockheaders, height: 26000 (~3.67%)
2022-10-18T17:09:30Z Synchronizing blockheaders, height: 28000 (~3.96%)
2022-10-18T17:09:31Z Synchronizing blockheaders, height: 30000 (~4.25%)
2022-10-18T17:09:33Z Synchronizing blockheaders, height: 32000 (~4.54%)
2022-10-18T17:09:34Z Synchronizing blockheaders, height: 34000 (~4.82%)
2022-10-18T17:09:35Z Synchronizing blockheaders, height: 36000 (~5.10%)
2022-10-18T17:09:36Z Synchronizing blockheaders, height: 38000 (~5.38%)
2022-10-18T17:09:37Z Synchronizing blockheaders, height: 40000 (~5.66%)
2022-10-18T17:09:38Z Synchronizing blockheaders, height: 42000 (~5.94%)
2022-10-18T17:09:38Z Synchronizing blockheaders, height: 44000 (~6.22%)
2022-10-18T17:09:39Z Synchronizing blockheaders, height: 46000 (~6.50%)
2022-10-18T17:09:40Z Synchronizing blockheaders, height: 48000 (~6.78%)
2022-10-18T17:09:40Z Synchronizing blockheaders, height: 50000 (~7.06%)
2022-10-18T17:09:41Z Synchronizing blockheaders, height: 52000 (~7.33%)
2022-10-18T17:09:42Z Synchronizing blockheaders, height: 54000 (~7.61%)
2022-10-18T17:09:43Z Synchronizing blockheaders, height: 56000 (~7.89%)
2022-10-18T17:09:44Z Synchronizing blockheaders, height: 58000 (~8.17%)
2022-10-18T17:09:44Z Synchronizing blockheaders, height: 60000 (~8.45%)
2022-10-18T17:09:45Z Synchronizing blockheaders, height: 62000 (~8.73%)
2022-10-18T17:09:46Z Synchronizing blockheaders, height: 64000 (~9.01%)
2022-10-18T17:09:47Z Synchronizing blockheaders, height: 66000 (~9.28%)
2022-10-18T17:09:47Z Synchronizing blockheaders, height: 68000 (~9.54%)
2022-10-18T17:09:48Z Synchronizing blockheaders, height: 70000 (~9.81%)
2022-10-18T17:09:49Z New outbound peer connected: version: 70016, blocks=731168, peer=4 (full-relay)
2022-10-18T17:09:49Z Synchronizing blockheaders, height: 72000 (~10.08%)
2022-10-18T17:09:49Z Synchronizing blockheaders, height: 74000 (~10.35%)
2022-10-18T17:09:50Z Synchronizing blockheaders, height: 76000 (~10.63%)
2022-10-18T17:09:50Z Synchronizing blockheaders, height: 78000 (~10.90%)
2022-10-18T17:09:50Z Synchronizing blockheaders, height: 80000 (~11.18%)
2022-10-18T17:09:51Z Synchronizing blockheaders, height: 82000 (~11.45%)
2022-10-18T17:09:51Z Synchronizing blockheaders, height: 84000 (~11.72%)
2022-10-18T17:09:51Z Synchronizing blockheaders, height: 86000 (~11.99%)
2022-10-18T17:09:52Z Synchronizing blockheaders, height: 88000 (~12.26%)
2022-10-18T17:09:52Z Synchronizing blockheaders, height: 90000 (~12.53%)
2022-10-18T17:09:53Z Synchronizing blockheaders, height: 92000 (~12.79%)
2022-10-18T17:09:53Z Synchronizing blockheaders, height: 94000 (~13.06%)
2022-10-18T17:09:53Z New outbound peer connected: version: 70015, blocks=759244, peer=5 (full-relay)
2022-10-18T17:09:54Z Synchronizing blockheaders, height: 96000 (~13.33%)
2022-10-18T17:09:54Z Synchronizing blockheaders, height: 98000 (~13.60%)
2022-10-18T17:09:54Z Synchronizing blockheaders, height: 100000 (~13.87%)
2022-10-18T17:09:55Z Synchronizing blockheaders, height: 102000 (~14.15%)
2022-10-18T17:09:55Z Synchronizing blockheaders, height: 104000 (~14.42%)
2022-10-18T17:09:56Z Synchronizing blockheaders, height: 106000 (~14.69%)
2022-10-18T17:09:57Z Synchronizing blockheaders, height: 108000 (~14.96%)
2022-10-18T17:09:57Z Synchronizing blockheaders, height: 110000 (~15.22%)
2022-10-18T17:09:58Z Synchronizing blockheaders, height: 112000 (~15.48%)
2022-10-18T17:09:59Z Synchronizing blockheaders, height: 114000 (~15.76%)
2022-10-18T17:09:59Z Synchronizing blockheaders, height: 116000 (~16.03%)
2022-10-18T17:10:00Z Synchronizing blockheaders, height: 118000 (~16.30%)
2022-10-18T17:10:01Z Synchronizing blockheaders, height: 120000 (~16.57%)
2022-10-18T17:10:01Z Synchronizing blockheaders, height: 122000 (~16.84%)
2022-10-18T17:10:03Z Synchronizing blockheaders, height: 124000 (~17.10%)
2022-10-18T17:10:03Z Synchronizing blockheaders, height: 126000 (~17.36%)
2022-10-18T17:10:04Z Synchronizing blockheaders, height: 128000 (~17.62%)
2022-10-18T17:10:05Z Synchronizing blockheaders, height: 130000 (~17.88%)
2022-10-18T17:10:06Z Synchronizing blockheaders, height: 132000 (~18.13%)
2022-10-18T17:10:07Z Synchronizing blockheaders, height: 134000 (~18.39%)
2022-10-18T17:10:08Z Synchronizing blockheaders, height: 136000 (~18.66%)
2022-10-18T17:10:08Z Synchronizing blockheaders, height: 138000 (~18.93%)
2022-10-18T17:10:09Z Synchronizing blockheaders, height: 140000 (~19.21%)
2022-10-18T17:10:10Z Synchronizing blockheaders, height: 142000 (~19.48%)
2022-10-18T17:10:10Z Synchronizing blockheaders, height: 144000 (~19.76%)
2022-10-18T17:10:11Z Synchronizing blockheaders, height: 146000 (~20.03%)
2022-10-18T17:10:12Z Synchronizing blockheaders, height: 148000 (~20.31%)
2022-10-18T17:10:12Z Synchronizing blockheaders, height: 150000 (~20.60%)
2022-10-18T17:10:13Z Synchronizing blockheaders, height: 152000 (~20.88%)
2022-10-18T17:10:14Z Synchronizing blockheaders, height: 154000 (~21.16%)
2022-10-18T17:10:14Z Synchronizing blockheaders, height: 156000 (~21.43%)
2022-10-18T17:10:15Z Synchronizing blockheaders, height: 158000 (~21.71%)
2022-10-18T17:10:16Z Synchronizing blockheaders, height: 160000 (~21.98%)
2022-10-18T17:10:16Z Synchronizing blockheaders, height: 162000 (~22.25%)
2022-10-18T17:10:17Z Synchronizing blockheaders, height: 164000 (~22.52%)
2022-10-18T17:10:18Z Synchronizing blockheaders, height: 166000 (~22.79%)
2022-10-18T17:10:18Z Synchronizing blockheaders, height: 168000 (~23.07%)
2022-10-18T17:10:19Z Synchronizing blockheaders, height: 170000 (~23.34%)
2022-10-18T17:10:20Z Synchronizing blockheaders, height: 172000 (~23.61%)
2022-10-18T17:10:20Z Synchronizing blockheaders, height: 174000 (~23.88%)
2022-10-18T17:10:21Z Synchronizing blockheaders, height: 176000 (~24.16%)
2022-10-18T17:10:21Z Synchronizing blockheaders, height: 178000 (~24.43%)
2022-10-18T17:10:22Z Synchronizing blockheaders, height: 180000 (~24.70%)
2022-10-18T17:10:23Z Synchronizing blockheaders, height: 182000 (~24.98%)
2022-10-18T17:10:23Z Synchronizing blockheaders, height: 184000 (~25.26%)
2022-10-18T17:10:24Z Synchronizing blockheaders, height: 186000 (~25.53%)
2022-10-18T17:10:25Z Synchronizing blockheaders, height: 188000 (~25.80%)
2022-10-18T17:10:25Z New outbound peer connected: version: 70016, blocks=759244, peer=7 (full-relay)
2022-10-18T17:10:25Z Synchronizing blockheaders, height: 190000 (~26.07%)
2022-10-18T17:10:26Z Synchronizing blockheaders, height: 192000 (~26.34%)
2022-10-18T17:10:27Z Synchronizing blockheaders, height: 194000 (~26.61%)
2022-10-18T17:10:27Z Synchronizing blockheaders, height: 196000 (~26.87%)
2022-10-18T17:10:28Z Synchronizing blockheaders, height: 198000 (~27.14%)
2022-10-18T17:10:29Z Synchronizing blockheaders, height: 200000 (~27.41%)
2022-10-18T17:10:30Z Synchronizing blockheaders, height: 202000 (~27.68%)
2022-10-18T17:10:31Z Synchronizing blockheaders, height: 204000 (~27.95%)
2022-10-18T17:10:31Z Synchronizing blockheaders, height: 206000 (~28.22%)
2022-10-18T17:10:32Z Synchronizing blockheaders, height: 208000 (~28.50%)
2022-10-18T17:10:33Z Synchronizing blockheaders, height: 210000 (~28.77%)
2022-10-18T17:10:34Z Synchronizing blockheaders, height: 212000 (~29.04%)
2022-10-18T17:10:35Z Synchronizing blockheaders, height: 214000 (~29.33%)
2022-10-18T17:10:36Z Synchronizing blockheaders, height: 216000 (~29.60%)
2022-10-18T17:10:38Z Synchronizing blockheaders, height: 218000 (~29.88%)
2022-10-18T17:10:39Z Synchronizing blockheaders, height: 220000 (~30.14%)
2022-10-18T17:10:40Z Synchronizing blockheaders, height: 222000 (~30.41%)
2022-10-18T17:10:41Z New outbound peer connected: version: 70015, blocks=759244, peer=8 (full-relay)
2022-10-18T17:10:42Z Synchronizing blockheaders, height: 224000 (~30.67%)
2022-10-18T17:10:45Z Synchronizing blockheaders, height: 226000 (~30.93%)
2022-10-18T17:10:47Z Synchronizing blockheaders, height: 228000 (~31.19%)
2022-10-18T17:10:50Z Synchronizing blockheaders, height: 230000 (~31.45%)
2022-10-18T17:10:52Z Synchronizing blockheaders, height: 232000 (~31.71%)
2022-10-18T17:10:53Z Synchronizing blockheaders, height: 234000 (~31.97%)
2022-10-18T17:10:54Z Synchronizing blockheaders, height: 236000 (~32.24%)
2022-10-18T17:10:56Z Synchronizing blockheaders, height: 238000 (~32.50%)
2022-10-18T17:10:58Z Synchronizing blockheaders, height: 240000 (~32.76%)
2022-10-18T17:10:59Z tor: Thread interrupt
2022-10-18T17:10:59Z Shutdown: In progress...
2022-10-18T17:10:59Z torcontrol thread exit
2022-10-18T17:10:59Z addcon thread exit
2022-10-18T17:10:59Z msghand thread exit
2022-10-18T17:10:59Z net thread exit
2022-10-18T17:11:02Z opencon thread exit
2022-10-18T17:11:03Z DumpAnchors: Flush 0 outbound block-relay-only peer addresses to anchors.dat started
2022-10-18T17:11:03Z DumpAnchors: Flush 0 outbound block-relay-only peer addresses to anchors.dat completed (0.03s)
2022-10-18T17:11:03Z scheduler thread exit
2022-10-18T17:11:03Z Writing 0 unbroadcast transactions to disk.
2022-10-18T17:11:03Z Dumped mempool: 4.3e-05s to copy, 0.05753s to dump
